2022-08-02 19:03:23 -  - exec CUpdateClientPartner::__CollectRequestData
2022-08-02 19:03:23 -  - exec CUpdateClientPartner::GetHTTPPage
2022-08-02 19:03:23 -  - exec CUpdateClientPartner::ParseServerData
2022-08-02 19:03:23 -  - exec CUpdateClientPartner::GetUpdatesList
2022-08-02 19:03:23 -  - exec CUpdateClientPartner::__CollectRequestData
2022-08-02 19:03:23 -  - utf=Y&lang=ru&stable=Y&CANGZIP=Y&SUPD_DBS=MYSQL&XE=N&CLIENT_SITE=dariaphoto161.ru&LICENSE_KEY=X&SUPD_STS=1&SUPD_URS=0&SUPD_URSA=1&TYPENC=F&CLIENT_PHPVER=7.4.25&NGINX=Y&dbv=5.7.21&instm=main%2C22.0.300%2CN%3Bforum%2C21.300.100%2CN%3Biblock%2C21.800.300%2CN%3Bui%2C22.400.50%2CN%3Bclouds%2C22.0.0%2CN%3Bperfmon%2C21.0.0%2CN%3Bbitrix.siteinfoportal%2C15.5.0%2CN%3Bseo%2C22.0.200%2CN%3Bbitrix.sitepersonal%2C15.5.0%2CN%3Bscale%2C21.0.0%2CN%3Bsecurity%2C21.200.0%2CN%3Bsearch%2C22.0.0%2CN%3Bmobileapp%2C21.0.300%2CN%3Bb24connector%2C21.100.0%2CN%3Btranslate%2C21.100.0%2CN%3Bsocialservices%2C22.0.250%2CN%3Bvote%2C21.0.100%2CN%3Bform%2C21.0.0%2CN%3Bfileman%2C22.0.0%2CN%3Bbitrix.sitecorporate%2C15.5.0%2CN%3Bmessageservice%2C22.200.100%2CN%3Brest%2C22.0.100%2CN%3Blanding%2C21.1300.200%2CN%3Bsubscribe%2C21.0.0%2CN%3Bphotogallery%2C21.200.0%2CN%3Bblog%2C21.300.0%2CN%3Bhighloadblock%2C22.200.0%2CN%3Bbitrixcloud%2C22.0.0%2CN&reqm=bitrix.siteinfoportal%2Cbitrix.sitepersonal%2Cbitrix.sitecorporate&fullmoduleinfo=Y&SUPD_SRS=RU&SUPD_CMP=N
2022-08-02 19:03:23 -  - exec CUpdateClientPartner::GetHTTPPage
2022-08-02 19:03:23 -  - TIME GetUpdatesList(request) 0.087 sec
2022-08-02 19:03:23 -  - exec CUpdateClientPartner::ParseServerData
2022-08-02 19:03:23 -  - exec CUpdateClientPartner::__CollectRequestData
2022-08-02 19:03:23 -  - exec CUpdateClientPartner::GetHTTPPage
2022-08-02 19:03:23 -  - exec CUpdateClientPartner::ParseServerData
2022-11-27 01:51:10 -  - exec CUpdateClientPartner::GetUpdatesList
2022-11-27 01:51:10 -  - exec CUpdateClientPartner::__CollectRequestData
2022-11-27 01:51:10 -  - utf=Y&lang=ru&stable=Y&CANGZIP=Y&SUPD_DBS=MYSQL&XE=N&CLIENT_SITE=professional161.ru&LICENSE_KEY=X&SUPD_STS=1&SUPD_URS=0&SUPD_URSA=1&TYPENC=F&CLIENT_PHPVER=7.4.33&NGINX=Y&dbv=5.7.21&instm=main%2C22.400.100%2CN%3Bforum%2C22.200.0%2CN%3Blocation%2C22.300.0%2CN%3Biblock%2C22.200.100%2CN%3Bui%2C22.900.0%2CN%3Bclouds%2C22.200.0%2CN%3Bperfmon%2C21.0.0%2CN%3Bbitrix.siteinfoportal%2C15.5.0%2CN%3Bseo%2C22.200.0%2CN%3Bbitrix.sitepersonal%2C15.5.0%2CN%3Bscale%2C21.0.0%2CN%3Bsecurity%2C21.200.100%2CN%3Bsearch%2C22.100.0%2CN%3Bmobileapp%2C22.100.0%2CN%3Bb24connector%2C21.100.0%2CN%3Btranslate%2C22.200.0%2CN%3Bsocialservices%2C22.200.0%2CN%3Bvote%2C22.300.0%2CN%3Bform%2C21.0.0%2CN%3Bfileman%2C22.200.200%2CN%3Bbitrix.sitecorporate%2C15.5.0%2CN%3Bmessageservice%2C22.450.500%2CN%3Brest%2C22.300.0%2CN%3Blanding%2C22.400.0%2CN%3Bsubscribe%2C21.0.0%2CN%3Bphotogallery%2C22.0.0%2CN%3Bblog%2C22.0.0%2CN%3Bhighloadblock%2C22.200.0%2CN%3Bbitrixcloud%2C22.100.0%2CN&reqm=bitrix.siteinfoportal%2Cbitrix.sitepersonal%2Cbitrix.sitecorporate&SUPD_SRS=RU&SUPD_CMP=N
2022-11-27 01:51:10 -  - exec CUpdateClientPartner::GetHTTPPage
2022-11-27 01:51:10 -  - TIME GetUpdatesList(request) 0.105 sec
2022-11-27 01:51:10 -  - exec CUpdateClientPartner::ParseServerData
2022-11-27 01:51:12 -  - exec CUpdateClientPartner::GetUpdatesList
2022-11-27 01:51:12 -  - exec CUpdateClientPartner::__CollectRequestData
2022-11-27 01:51:12 -  - utf=Y&lang=ru&stable=Y&CANGZIP=Y&SUPD_DBS=MYSQL&XE=N&CLIENT_SITE=professional161.ru&LICENSE_KEY=X&SUPD_STS=1&SUPD_URS=0&SUPD_URSA=1&TYPENC=F&CLIENT_PHPVER=7.4.33&NGINX=Y&dbv=5.7.21&instm=main%2C22.400.100%2CN%3Bforum%2C22.200.0%2CN%3Blocation%2C22.300.0%2CN%3Biblock%2C22.200.100%2CN%3Bui%2C22.900.0%2CN%3Bclouds%2C22.200.0%2CN%3Bperfmon%2C21.0.0%2CN%3Bbitrix.siteinfoportal%2C15.5.0%2CN%3Bseo%2C22.200.0%2CN%3Bbitrix.sitepersonal%2C15.5.0%2CN%3Bscale%2C21.0.0%2CN%3Bsecurity%2C21.200.100%2CN%3Bsearch%2C22.100.0%2CN%3Bmobileapp%2C22.100.0%2CN%3Bb24connector%2C21.100.0%2CN%3Btranslate%2C22.200.0%2CN%3Bsocialservices%2C22.200.0%2CN%3Bvote%2C22.300.0%2CN%3Bform%2C21.0.0%2CN%3Bfileman%2C22.200.200%2CN%3Bbitrix.sitecorporate%2C15.5.0%2CN%3Bmessageservice%2C22.450.500%2CN%3Brest%2C22.300.0%2CN%3Blanding%2C22.400.0%2CN%3Bsubscribe%2C21.0.0%2CN%3Bphotogallery%2C22.0.0%2CN%3Bblog%2C22.0.0%2CN%3Bhighloadblock%2C22.200.0%2CN%3Bbitrixcloud%2C22.100.0%2CN&reqm=bitrix.siteinfoportal%2Cbitrix.sitepersonal%2Cbitrix.sitecorporate&fullmoduleinfo=Y&SUPD_SRS=RU&SUPD_CMP=N
2022-11-27 01:51:12 -  - exec CUpdateClientPartner::GetHTTPPage
2022-11-27 01:51:13 -  - TIME GetUpdatesList(request) 0.111 sec
2022-11-27 01:51:13 -  - exec CUpdateClientPartner::ParseServerData
2022-11-27 01:51:21 -  - exec CUpdateClientPartner::GetUpdatesList
2022-11-27 01:51:21 -  - exec CUpdateClientPartner::__CollectRequestData
2022-11-27 01:51:21 -  - utf=Y&lang=ru&stable=Y&CANGZIP=Y&SUPD_DBS=MYSQL&XE=N&CLIENT_SITE=professional161.ru&LICENSE_KEY=X&SUPD_STS=1&SUPD_URS=0&SUPD_URSA=1&TYPENC=F&CLIENT_PHPVER=7.4.33&NGINX=Y&dbv=5.7.21&instm=main%2C22.400.100%2CN%3Bforum%2C22.200.0%2CN%3Blocation%2C22.300.0%2CN%3Biblock%2C22.200.100%2CN%3Bui%2C22.900.0%2CN%3Bclouds%2C22.200.0%2CN%3Bperfmon%2C21.0.0%2CN%3Bbitrix.siteinfoportal%2C15.5.0%2CN%3Bseo%2C22.200.0%2CN%3Bbitrix.sitepersonal%2C15.5.0%2CN%3Bscale%2C21.0.0%2CN%3Bsecurity%2C21.200.100%2CN%3Bsearch%2C22.100.0%2CN%3Bmobileapp%2C22.100.0%2CN%3Bb24connector%2C21.100.0%2CN%3Btranslate%2C22.200.0%2CN%3Bsocialservices%2C22.200.0%2CN%3Bvote%2C22.300.0%2CN%3Bform%2C21.0.0%2CN%3Bfileman%2C22.200.200%2CN%3Bbitrix.sitecorporate%2C15.5.0%2CN%3Bmessageservice%2C22.450.500%2CN%3Brest%2C22.300.0%2CN%3Blanding%2C22.400.0%2CN%3Bsubscribe%2C21.0.0%2CN%3Bphotogallery%2C22.0.0%2CN%3Bblog%2C22.0.0%2CN%3Bhighloadblock%2C22.200.0%2CN%3Bbitrixcloud%2C22.100.0%2CN&reqm=bitrix.siteinfoportal%2Cbitrix.sitepersonal%2Cbitrix.sitecorporate&fullmoduleinfo=Y&SUPD_SRS=RU&SUPD_CMP=N
2022-11-27 01:51:21 -  - exec CUpdateClientPartner::GetHTTPPage
2022-11-27 01:51:21 -  - TIME GetUpdatesList(request) 0.098 sec
2022-11-27 01:51:21 -  - exec CUpdateClientPartner::ParseServerData
2022-11-27 01:51:24 -  - exec CUpdateClientPartner::GetUpdatesList
2022-11-27 01:51:24 -  - exec CUpdateClientPartner::__CollectRequestData
2022-11-27 01:51:24 -  - utf=Y&lang=ru&stable=Y&CANGZIP=Y&SUPD_DBS=MYSQL&XE=N&CLIENT_SITE=professional161.ru&LICENSE_KEY=X&SUPD_STS=1&SUPD_URS=0&SUPD_URSA=1&TYPENC=F&CLIENT_PHPVER=7.4.33&NGINX=Y&dbv=5.7.21&instm=main%2C22.400.100%2CN%3Bforum%2C22.200.0%2CN%3Blocation%2C22.300.0%2CN%3Biblock%2C22.200.100%2CN%3Bui%2C22.900.0%2CN%3Bclouds%2C22.200.0%2CN%3Bperfmon%2C21.0.0%2CN%3Bbitrix.siteinfoportal%2C15.5.0%2CN%3Bseo%2C22.200.0%2CN%3Bbitrix.sitepersonal%2C15.5.0%2CN%3Bscale%2C21.0.0%2CN%3Bsecurity%2C21.200.100%2CN%3Bsearch%2C22.100.0%2CN%3Bmobileapp%2C22.100.0%2CN%3Bb24connector%2C21.100.0%2CN%3Btranslate%2C22.200.0%2CN%3Bsocialservices%2C22.200.0%2CN%3Bvote%2C22.300.0%2CN%3Bform%2C21.0.0%2CN%3Bfileman%2C22.200.200%2CN%3Bbitrix.sitecorporate%2C15.5.0%2CN%3Bmessageservice%2C22.450.500%2CN%3Brest%2C22.300.0%2CN%3Blanding%2C22.400.0%2CN%3Bsubscribe%2C21.0.0%2CN%3Bphotogallery%2C22.0.0%2CN%3Bblog%2C22.0.0%2CN%3Bhighloadblock%2C22.200.0%2CN%3Bbitrixcloud%2C22.100.0%2CN&reqm=bitrix.siteinfoportal%2Cbitrix.sitepersonal%2Cbitrix.sitecorporate&fullmoduleinfo=Y&SUPD_SRS=RU&SUPD_CMP=N
2022-11-27 01:51:24 -  - exec CUpdateClientPartner::GetHTTPPage
2022-11-27 01:51:24 -  - TIME GetUpdatesList(request) 0.107 sec
2022-11-27 01:51:24 -  - exec CUpdateClientPartner::ParseServerData
2022-11-27 01:51:27 -  - exec CUpdateClientPartner::GetUpdatesList
2022-11-27 01:51:27 -  - exec CUpdateClientPartner::__CollectRequestData
2022-11-27 01:51:27 -  - utf=Y&lang=ru&stable=Y&CANGZIP=Y&SUPD_DBS=MYSQL&XE=N&CLIENT_SITE=professional161.ru&LICENSE_KEY=X&SUPD_STS=1&SUPD_URS=0&SUPD_URSA=1&TYPENC=F&CLIENT_PHPVER=7.4.33&NGINX=Y&dbv=5.7.21&instm=main%2C22.400.100%2CN%3Bforum%2C22.200.0%2CN%3Blocation%2C22.300.0%2CN%3Biblock%2C22.200.100%2CN%3Bui%2C22.900.0%2CN%3Bclouds%2C22.200.0%2CN%3Bperfmon%2C21.0.0%2CN%3Bbitrix.siteinfoportal%2C15.5.0%2CN%3Bseo%2C22.200.0%2CN%3Bbitrix.sitepersonal%2C15.5.0%2CN%3Bscale%2C21.0.0%2CN%3Bsecurity%2C21.200.100%2CN%3Bsearch%2C22.100.0%2CN%3Bmobileapp%2C22.100.0%2CN%3Bb24connector%2C21.100.0%2CN%3Btranslate%2C22.200.0%2CN%3Bsocialservices%2C22.200.0%2CN%3Bvote%2C22.300.0%2CN%3Bform%2C21.0.0%2CN%3Bfileman%2C22.200.200%2CN%3Bbitrix.sitecorporate%2C15.5.0%2CN%3Bmessageservice%2C22.450.500%2CN%3Brest%2C22.300.0%2CN%3Blanding%2C22.400.0%2CN%3Bsubscribe%2C21.0.0%2CN%3Bphotogallery%2C22.0.0%2CN%3Bblog%2C22.0.0%2CN%3Bhighloadblock%2C22.200.0%2CN%3Bbitrixcloud%2C22.100.0%2CN&reqm=bitrix.siteinfoportal%2Cbitrix.sitepersonal%2Cbitrix.sitecorporate&fullmoduleinfo=Y&SUPD_SRS=RU&SUPD_CMP=N
2022-11-27 01:51:27 -  - exec CUpdateClientPartner::GetHTTPPage
2022-11-27 01:51:27 -  - TIME GetUpdatesList(request) 0.119 sec
2022-11-27 01:51:27 -  - exec CUpdateClientPartner::ParseServerData
2022-11-27 01:51:30 -  - exec CUpdateClientPartner::GetUpdatesList
2022-11-27 01:51:30 -  - exec CUpdateClientPartner::__CollectRequestData
2022-11-27 01:51:30 -  - utf=Y&lang=ru&stable=Y&CANGZIP=Y&SUPD_DBS=MYSQL&XE=N&CLIENT_SITE=professional161.ru&LICENSE_KEY=X&SUPD_STS=1&SUPD_URS=0&SUPD_URSA=1&TYPENC=F&CLIENT_PHPVER=7.4.33&NGINX=Y&dbv=5.7.21&instm=main%2C22.400.100%2CN%3Bforum%2C22.200.0%2CN%3Blocation%2C22.300.0%2CN%3Biblock%2C22.200.100%2CN%3Bui%2C22.900.0%2CN%3Bclouds%2C22.200.0%2CN%3Bperfmon%2C21.0.0%2CN%3Bbitrix.siteinfoportal%2C15.5.0%2CN%3Bseo%2C22.200.0%2CN%3Bbitrix.sitepersonal%2C15.5.0%2CN%3Bscale%2C21.0.0%2CN%3Bsecurity%2C21.200.100%2CN%3Bsearch%2C22.100.0%2CN%3Bmobileapp%2C22.100.0%2CN%3Bb24connector%2C21.100.0%2CN%3Btranslate%2C22.200.0%2CN%3Bsocialservices%2C22.200.0%2CN%3Bvote%2C22.300.0%2CN%3Bform%2C21.0.0%2CN%3Bfileman%2C22.200.200%2CN%3Bbitrix.sitecorporate%2C15.5.0%2CN%3Bmessageservice%2C22.450.500%2CN%3Brest%2C22.300.0%2CN%3Blanding%2C22.400.0%2CN%3Bsubscribe%2C21.0.0%2CN%3Bphotogallery%2C22.0.0%2CN%3Bblog%2C22.0.0%2CN%3Bhighloadblock%2C22.200.0%2CN%3Bbitrixcloud%2C22.100.0%2CN&reqm=bitrix.siteinfoportal%2Cbitrix.sitepersonal%2Cbitrix.sitecorporate&fullmoduleinfo=Y&SUPD_SRS=RU&SUPD_CMP=N
2022-11-27 01:51:30 -  - exec CUpdateClientPartner::GetHTTPPage
2022-11-27 01:51:30 -  - TIME GetUpdatesList(request) 0.111 sec
2022-11-27 01:51:30 -  - exec CUpdateClientPartner::ParseServerData
2022-11-27 01:51:32 -  - exec CUpdateClientPartner::GetUpdatesList
2022-11-27 01:51:32 -  - exec CUpdateClientPartner::__CollectRequestData
2022-11-27 01:51:32 -  - utf=Y&lang=ru&stable=Y&CANGZIP=Y&SUPD_DBS=MYSQL&XE=N&CLIENT_SITE=professional161.ru&LICENSE_KEY=X&SUPD_STS=1&SUPD_URS=0&SUPD_URSA=1&TYPENC=F&CLIENT_PHPVER=7.4.33&NGINX=Y&dbv=5.7.21&instm=main%2C22.400.100%2CN%3Bforum%2C22.200.0%2CN%3Blocation%2C22.300.0%2CN%3Biblock%2C22.200.100%2CN%3Bui%2C22.900.0%2CN%3Bclouds%2C22.200.0%2CN%3Bperfmon%2C21.0.0%2CN%3Bbitrix.siteinfoportal%2C15.5.0%2CN%3Bseo%2C22.200.0%2CN%3Bbitrix.sitepersonal%2C15.5.0%2CN%3Bscale%2C21.0.0%2CN%3Bsecurity%2C21.200.100%2CN%3Bsearch%2C22.100.0%2CN%3Bmobileapp%2C22.100.0%2CN%3Bb24connector%2C21.100.0%2CN%3Btranslate%2C22.200.0%2CN%3Bsocialservices%2C22.200.0%2CN%3Bvote%2C22.300.0%2CN%3Bform%2C21.0.0%2CN%3Bfileman%2C22.200.200%2CN%3Bbitrix.sitecorporate%2C15.5.0%2CN%3Bmessageservice%2C22.450.500%2CN%3Brest%2C22.300.0%2CN%3Blanding%2C22.400.0%2CN%3Bsubscribe%2C21.0.0%2CN%3Bphotogallery%2C22.0.0%2CN%3Bblog%2C22.0.0%2CN%3Bhighloadblock%2C22.200.0%2CN%3Bbitrixcloud%2C22.100.0%2CN&reqm=bitrix.siteinfoportal%2Cbitrix.sitepersonal%2Cbitrix.sitecorporate&fullmoduleinfo=Y&SUPD_SRS=RU&SUPD_CMP=N
2022-11-27 01:51:32 -  - exec CUpdateClientPartner::GetHTTPPage
2022-11-27 01:51:32 -  - TIME GetUpdatesList(request) 0.108 sec
2022-11-27 01:51:32 -  - exec CUpdateClientPartner::ParseServerData
2022-11-27 01:51:35 -  - exec CUpdateClientPartner::GetUpdatesList
2022-11-27 01:51:35 -  - exec CUpdateClientPartner::__CollectRequestData
2022-11-27 01:51:35 -  - utf=Y&lang=ru&stable=Y&CANGZIP=Y&SUPD_DBS=MYSQL&XE=N&CLIENT_SITE=professional161.ru&LICENSE_KEY=X&SUPD_STS=1&SUPD_URS=0&SUPD_URSA=1&TYPENC=F&CLIENT_PHPVER=7.4.33&NGINX=Y&dbv=5.7.21&instm=main%2C22.400.100%2CN%3Bforum%2C22.200.0%2CN%3Blocation%2C22.300.0%2CN%3Biblock%2C22.200.100%2CN%3Bui%2C22.900.0%2CN%3Bclouds%2C22.200.0%2CN%3Bperfmon%2C21.0.0%2CN%3Bbitrix.siteinfoportal%2C15.5.0%2CN%3Bseo%2C22.200.0%2CN%3Bbitrix.sitepersonal%2C15.5.0%2CN%3Bscale%2C21.0.0%2CN%3Bsecurity%2C21.200.100%2CN%3Bsearch%2C22.100.0%2CN%3Bmobileapp%2C22.100.0%2CN%3Bb24connector%2C21.100.0%2CN%3Btranslate%2C22.200.0%2CN%3Bsocialservices%2C22.200.0%2CN%3Bvote%2C22.300.0%2CN%3Bform%2C21.0.0%2CN%3Bfileman%2C22.200.200%2CN%3Bbitrix.sitecorporate%2C15.5.0%2CN%3Bmessageservice%2C22.450.500%2CN%3Brest%2C22.300.0%2CN%3Blanding%2C22.400.0%2CN%3Bsubscribe%2C21.0.0%2CN%3Bphotogallery%2C22.0.0%2CN%3Bblog%2C22.0.0%2CN%3Bhighloadblock%2C22.200.0%2CN%3Bbitrixcloud%2C22.100.0%2CN&reqm=bitrix.siteinfoportal%2Cbitrix.sitepersonal%2Cbitrix.sitecorporate&fullmoduleinfo=Y&SUPD_SRS=RU&SUPD_CMP=N
2022-11-27 01:51:35 -  - exec CUpdateClientPartner::GetHTTPPage
2022-11-27 01:51:35 -  - TIME GetUpdatesList(request) 0.113 sec
2022-11-27 01:51:35 -  - exec CUpdateClientPartner::ParseServerData
2022-11-27 01:51:39 -  - exec CUpdateClientPartner::GetUpdatesList
2022-11-27 01:51:39 -  - exec CUpdateClientPartner::__CollectRequestData
2022-11-27 01:51:39 -  - utf=Y&lang=ru&stable=Y&CANGZIP=Y&SUPD_DBS=MYSQL&XE=N&CLIENT_SITE=professional161.ru&LICENSE_KEY=X&SUPD_STS=1&SUPD_URS=0&SUPD_URSA=1&TYPENC=F&CLIENT_PHPVER=7.4.33&NGINX=Y&dbv=5.7.21&instm=main%2C22.400.100%2CN%3Bforum%2C22.200.0%2CN%3Blocation%2C22.300.0%2CN%3Biblock%2C22.200.100%2CN%3Bui%2C22.900.0%2CN%3Bclouds%2C22.200.0%2CN%3Bperfmon%2C21.0.0%2CN%3Bbitrix.siteinfoportal%2C15.5.0%2CN%3Bseo%2C22.200.0%2CN%3Bbitrix.sitepersonal%2C15.5.0%2CN%3Bscale%2C21.0.0%2CN%3Bsecurity%2C21.200.100%2CN%3Bsearch%2C22.100.0%2CN%3Bmobileapp%2C22.100.0%2CN%3Bb24connector%2C21.100.0%2CN%3Btranslate%2C22.200.0%2CN%3Bsocialservices%2C22.200.0%2CN%3Bvote%2C22.300.0%2CN%3Bform%2C21.0.0%2CN%3Bfileman%2C22.200.200%2CN%3Bbitrix.sitecorporate%2C15.5.0%2CN%3Bmessageservice%2C22.450.500%2CN%3Brest%2C22.300.0%2CN%3Blanding%2C22.400.0%2CN%3Bsubscribe%2C21.0.0%2CN%3Bphotogallery%2C22.0.0%2CN%3Bblog%2C22.0.0%2CN%3Bhighloadblock%2C22.200.0%2CN%3Bbitrixcloud%2C22.100.0%2CN&reqm=bitrix.siteinfoportal%2Cbitrix.sitepersonal%2Cbitrix.sitecorporate&fullmoduleinfo=Y&SUPD_SRS=RU&SUPD_CMP=N
2022-11-27 01:51:39 -  - exec CUpdateClientPartner::GetHTTPPage
2022-11-27 01:51:40 -  - TIME GetUpdatesList(request) 0.121 sec
2022-11-27 01:51:40 -  - exec CUpdateClientPartner::ParseServerData
2022-11-27 01:51:40 -  - exec CUpdateClientPartner::GetUpdatesList
2022-11-27 01:51:40 -  - exec CUpdateClientPartner::__CollectRequestData
2022-11-27 01:51:40 -  - utf=Y&lang=ru&stable=Y&CANGZIP=Y&SUPD_DBS=MYSQL&XE=N&CLIENT_SITE=professional161.ru&LICENSE_KEY=X&SUPD_STS=1&SUPD_URS=0&SUPD_URSA=1&TYPENC=F&CLIENT_PHPVER=7.4.33&NGINX=Y&dbv=5.7.21&instm=main%2C22.400.100%2CN%3Bforum%2C22.200.0%2CN%3Blocation%2C22.300.0%2CN%3Biblock%2C22.200.100%2CN%3Bui%2C22.900.0%2CN%3Bclouds%2C22.200.0%2CN%3Bperfmon%2C21.0.0%2CN%3Bseo%2C22.200.0%2CN%3Bbitrix.sitepersonal%2C15.5.0%2CN%3Bscale%2C21.0.0%2CN%3Bsecurity%2C21.200.100%2CN%3Bsearch%2C22.100.0%2CN%3Bmobileapp%2C22.100.0%2CN%3Bb24connector%2C21.100.0%2CN%3Btranslate%2C22.200.0%2CN%3Bsocialservices%2C22.200.0%2CN%3Bvote%2C22.300.0%2CN%3Bform%2C21.0.0%2CN%3Bfileman%2C22.200.200%2CN%3Bbitrix.sitecorporate%2C15.5.0%2CN%3Bmessageservice%2C22.450.500%2CN%3Brest%2C22.300.0%2CN%3Blanding%2C22.400.0%2CN%3Bsubscribe%2C21.0.0%2CN%3Bphotogallery%2C22.0.0%2CN%3Bblog%2C22.0.0%2CN%3Bhighloadblock%2C22.200.0%2CN%3Bbitrixcloud%2C22.100.0%2CN&reqm=bitrix.sitepersonal%2Cbitrix.sitecorporate&fullmoduleinfo=Y&SUPD_SRS=RU&SUPD_CMP=N
2022-11-27 01:51:40 -  - exec CUpdateClientPartner::GetHTTPPage
2022-11-27 01:51:40 -  - TIME GetUpdatesList(request) 0.11 sec
2022-11-27 01:51:40 -  - exec CUpdateClientPartner::ParseServerData
2022-11-27 01:51:45 -  - exec CUpdateClientPartner::GetUpdatesList
2022-11-27 01:51:45 -  - exec CUpdateClientPartner::__CollectRequestData
2022-11-27 01:51:45 -  - utf=Y&lang=ru&stable=Y&CANGZIP=Y&SUPD_DBS=MYSQL&XE=N&CLIENT_SITE=professional161.ru&LICENSE_KEY=X&SUPD_STS=1&SUPD_URS=0&SUPD_URSA=1&TYPENC=F&CLIENT_PHPVER=7.4.33&NGINX=Y&dbv=5.7.21&instm=main%2C22.400.100%2CN%3Bforum%2C22.200.0%2CN%3Blocation%2C22.300.0%2CN%3Biblock%2C22.200.100%2CN%3Bui%2C22.900.0%2CN%3Bclouds%2C22.200.0%2CN%3Bperfmon%2C21.0.0%2CN%3Bseo%2C22.200.0%2CN%3Bbitrix.sitepersonal%2C15.5.0%2CN%3Bscale%2C21.0.0%2CN%3Bsecurity%2C21.200.100%2CN%3Bsearch%2C22.100.0%2CN%3Bmobileapp%2C22.100.0%2CN%3Bb24connector%2C21.100.0%2CN%3Btranslate%2C22.200.0%2CN%3Bsocialservices%2C22.200.0%2CN%3Bvote%2C22.300.0%2CN%3Bform%2C21.0.0%2CN%3Bfileman%2C22.200.200%2CN%3Bbitrix.sitecorporate%2C15.5.0%2CN%3Bmessageservice%2C22.450.500%2CN%3Brest%2C22.300.0%2CN%3Blanding%2C22.400.0%2CN%3Bsubscribe%2C21.0.0%2CN%3Bphotogallery%2C22.0.0%2CN%3Bblog%2C22.0.0%2CN%3Bhighloadblock%2C22.200.0%2CN%3Bbitrixcloud%2C22.100.0%2CN&reqm=bitrix.sitepersonal%2Cbitrix.sitecorporate&fullmoduleinfo=Y&SUPD_SRS=RU&SUPD_CMP=N
2022-11-27 01:51:45 -  - exec CUpdateClientPartner::GetHTTPPage
2022-11-27 01:51:45 -  - TIME GetUpdatesList(request) 0.119 sec
2022-11-27 01:51:45 -  - exec CUpdateClientPartner::ParseServerData
2022-11-27 01:51:46 -  - exec CUpdateClientPartner::GetUpdatesList
2022-11-27 01:51:46 -  - exec CUpdateClientPartner::__CollectRequestData
2022-11-27 01:51:46 -  - utf=Y&lang=ru&stable=Y&CANGZIP=Y&SUPD_DBS=MYSQL&XE=N&CLIENT_SITE=professional161.ru&LICENSE_KEY=X&SUPD_STS=1&SUPD_URS=0&SUPD_URSA=1&TYPENC=F&CLIENT_PHPVER=7.4.33&NGINX=Y&dbv=5.7.21&instm=main%2C22.400.100%2CN%3Bforum%2C22.200.0%2CN%3Blocation%2C22.300.0%2CN%3Biblock%2C22.200.100%2CN%3Bui%2C22.900.0%2CN%3Bclouds%2C22.200.0%2CN%3Bperfmon%2C21.0.0%2CN%3Bseo%2C22.200.0%2CN%3Bbitrix.sitepersonal%2C15.5.0%2CN%3Bscale%2C21.0.0%2CN%3Bsecurity%2C21.200.100%2CN%3Bsearch%2C22.100.0%2CN%3Bmobileapp%2C22.100.0%2CN%3Bb24connector%2C21.100.0%2CN%3Btranslate%2C22.200.0%2CN%3Bsocialservices%2C22.200.0%2CN%3Bvote%2C22.300.0%2CN%3Bform%2C21.0.0%2CN%3Bfileman%2C22.200.200%2CN%3Bmessageservice%2C22.450.500%2CN%3Brest%2C22.300.0%2CN%3Blanding%2C22.400.0%2CN%3Bsubscribe%2C21.0.0%2CN%3Bphotogallery%2C22.0.0%2CN%3Bblog%2C22.0.0%2CN%3Bhighloadblock%2C22.200.0%2CN%3Bbitrixcloud%2C22.100.0%2CN&reqm=bitrix.sitepersonal&fullmoduleinfo=Y&SUPD_SRS=RU&SUPD_CMP=N
2022-11-27 01:51:46 -  - exec CUpdateClientPartner::GetHTTPPage
2022-11-27 01:51:46 -  - TIME GetUpdatesList(request) 0.105 sec
2022-11-27 01:51:46 -  - exec CUpdateClientPartner::ParseServerData
2022-11-27 01:51:48 -  - exec CUpdateClientPartner::GetUpdatesList
2022-11-27 01:51:48 -  - exec CUpdateClientPartner::__CollectRequestData
2022-11-27 01:51:48 -  - utf=Y&lang=ru&stable=Y&CANGZIP=Y&SUPD_DBS=MYSQL&XE=N&CLIENT_SITE=professional161.ru&LICENSE_KEY=X&SUPD_STS=1&SUPD_URS=0&SUPD_URSA=1&TYPENC=F&CLIENT_PHPVER=7.4.33&NGINX=Y&dbv=5.7.21&instm=main%2C22.400.100%2CN%3Bforum%2C22.200.0%2CN%3Blocation%2C22.300.0%2CN%3Biblock%2C22.200.100%2CN%3Bui%2C22.900.0%2CN%3Bclouds%2C22.200.0%2CN%3Bperfmon%2C21.0.0%2CN%3Bseo%2C22.200.0%2CN%3Bbitrix.sitepersonal%2C15.5.0%2CN%3Bscale%2C21.0.0%2CN%3Bsecurity%2C21.200.100%2CN%3Bsearch%2C22.100.0%2CN%3Bmobileapp%2C22.100.0%2CN%3Bb24connector%2C21.100.0%2CN%3Btranslate%2C22.200.0%2CN%3Bsocialservices%2C22.200.0%2CN%3Bvote%2C22.300.0%2CN%3Bform%2C21.0.0%2CN%3Bfileman%2C22.200.200%2CN%3Bmessageservice%2C22.450.500%2CN%3Brest%2C22.300.0%2CN%3Blanding%2C22.400.0%2CN%3Bsubscribe%2C21.0.0%2CN%3Bphotogallery%2C22.0.0%2CN%3Bblog%2C22.0.0%2CN%3Bhighloadblock%2C22.200.0%2CN%3Bbitrixcloud%2C22.100.0%2CN&reqm=bitrix.sitepersonal&fullmoduleinfo=Y&SUPD_SRS=RU&SUPD_CMP=N
2022-11-27 01:51:48 -  - exec CUpdateClientPartner::GetHTTPPage
2022-11-27 01:51:48 -  - TIME GetUpdatesList(request) 0.102 sec
2022-11-27 01:51:48 -  - exec CUpdateClientPartner::ParseServerData
2022-11-27 01:51:49 -  - exec CUpdateClientPartner::GetUpdatesList
2022-11-27 01:51:49 -  - exec CUpdateClientPartner::__CollectRequestData
2022-11-27 01:51:49 -  - utf=Y&lang=ru&stable=Y&CANGZIP=Y&SUPD_DBS=MYSQL&XE=N&CLIENT_SITE=professional161.ru&LICENSE_KEY=X&SUPD_STS=1&SUPD_URS=0&SUPD_URSA=1&TYPENC=F&CLIENT_PHPVER=7.4.33&NGINX=Y&dbv=5.7.21&instm=main%2C22.400.100%2CN%3Bforum%2C22.200.0%2CN%3Blocation%2C22.300.0%2CN%3Biblock%2C22.200.100%2CN%3Bui%2C22.900.0%2CN%3Bclouds%2C22.200.0%2CN%3Bperfmon%2C21.0.0%2CN%3Bseo%2C22.200.0%2CN%3Bbitrix.sitepersonal%2C15.5.0%2CN%3Bscale%2C21.0.0%2CN%3Bsecurity%2C21.200.100%2CN%3Bsearch%2C22.100.0%2CN%3Bmobileapp%2C22.100.0%2CN%3Bb24connector%2C21.100.0%2CN%3Btranslate%2C22.200.0%2CN%3Bsocialservices%2C22.200.0%2CN%3Bvote%2C22.300.0%2CN%3Bform%2C21.0.0%2CN%3Bfileman%2C22.200.200%2CN%3Bmessageservice%2C22.450.500%2CN%3Brest%2C22.300.0%2CN%3Blanding%2C22.400.0%2CN%3Bsubscribe%2C21.0.0%2CN%3Bphotogallery%2C22.0.0%2CN%3Bblog%2C22.0.0%2CN%3Bhighloadblock%2C22.200.0%2CN%3Bbitrixcloud%2C22.100.0%2CN&reqm=bitrix.sitepersonal&fullmoduleinfo=Y&SUPD_SRS=RU&SUPD_CMP=N
2022-11-27 01:51:49 -  - exec CUpdateClientPartner::GetHTTPPage
2022-11-27 01:51:50 -  - TIME GetUpdatesList(request) 0.136 sec
2022-11-27 01:51:50 -  - exec CUpdateClientPartner::ParseServerData
2022-11-27 01:51:51 -  - exec CUpdateClientPartner::GetUpdatesList
2022-11-27 01:51:51 -  - exec CUpdateClientPartner::__CollectRequestData
2022-11-27 01:51:51 -  - utf=Y&lang=ru&stable=Y&CANGZIP=Y&SUPD_DBS=MYSQL&XE=N&CLIENT_SITE=professional161.ru&LICENSE_KEY=X&SUPD_STS=1&SUPD_URS=0&SUPD_URSA=1&TYPENC=F&CLIENT_PHPVER=7.4.33&NGINX=Y&dbv=5.7.21&instm=main%2C22.400.100%2CN%3Bforum%2C22.200.0%2CN%3Blocation%2C22.300.0%2CN%3Biblock%2C22.200.100%2CN%3Bui%2C22.900.0%2CN%3Bclouds%2C22.200.0%2CN%3Bperfmon%2C21.0.0%2CN%3Bseo%2C22.200.0%2CN%3Bbitrix.sitepersonal%2C15.5.0%2CN%3Bscale%2C21.0.0%2CN%3Bsecurity%2C21.200.100%2CN%3Bsearch%2C22.100.0%2CN%3Bmobileapp%2C22.100.0%2CN%3Bb24connector%2C21.100.0%2CN%3Btranslate%2C22.200.0%2CN%3Bsocialservices%2C22.200.0%2CN%3Bvote%2C22.300.0%2CN%3Bform%2C21.0.0%2CN%3Bfileman%2C22.200.200%2CN%3Bmessageservice%2C22.450.500%2CN%3Brest%2C22.300.0%2CN%3Blanding%2C22.400.0%2CN%3Bsubscribe%2C21.0.0%2CN%3Bphotogallery%2C22.0.0%2CN%3Bblog%2C22.0.0%2CN%3Bhighloadblock%2C22.200.0%2CN%3Bbitrixcloud%2C22.100.0%2CN&reqm=bitrix.sitepersonal&fullmoduleinfo=Y&SUPD_SRS=RU&SUPD_CMP=N
2022-11-27 01:51:51 -  - exec CUpdateClientPartner::GetHTTPPage
2022-11-27 01:51:52 -  - TIME GetUpdatesList(request) 0.117 sec
2022-11-27 01:51:52 -  - exec CUpdateClientPartner::ParseServerData
2022-11-27 01:51:55 -  - exec CUpdateClientPartner::GetUpdatesList
2022-11-27 01:51:55 -  - exec CUpdateClientPartner::__CollectRequestData
2022-11-27 01:51:55 -  - utf=Y&lang=ru&stable=Y&CANGZIP=Y&SUPD_DBS=MYSQL&XE=N&CLIENT_SITE=professional161.ru&LICENSE_KEY=X&SUPD_STS=1&SUPD_URS=0&SUPD_URSA=1&TYPENC=F&CLIENT_PHPVER=7.4.33&NGINX=Y&dbv=5.7.21&instm=main%2C22.400.100%2CN%3Bforum%2C22.200.0%2CN%3Blocation%2C22.300.0%2CN%3Biblock%2C22.200.100%2CN%3Bui%2C22.900.0%2CN%3Bclouds%2C22.200.0%2CN%3Bperfmon%2C21.0.0%2CN%3Bseo%2C22.200.0%2CN%3Bbitrix.sitepersonal%2C15.5.0%2CN%3Bscale%2C21.0.0%2CN%3Bsecurity%2C21.200.100%2CN%3Bsearch%2C22.100.0%2CN%3Bmobileapp%2C22.100.0%2CN%3Bb24connector%2C21.100.0%2CN%3Btranslate%2C22.200.0%2CN%3Bsocialservices%2C22.200.0%2CN%3Bvote%2C22.300.0%2CN%3Bform%2C21.0.0%2CN%3Bfileman%2C22.200.200%2CN%3Bmessageservice%2C22.450.500%2CN%3Brest%2C22.300.0%2CN%3Blanding%2C22.400.0%2CN%3Bsubscribe%2C21.0.0%2CN%3Bphotogallery%2C22.0.0%2CN%3Bblog%2C22.0.0%2CN%3Bhighloadblock%2C22.200.0%2CN%3Bbitrixcloud%2C22.100.0%2CN&reqm=bitrix.sitepersonal&fullmoduleinfo=Y&SUPD_SRS=RU&SUPD_CMP=N
2022-11-27 01:51:55 -  - exec CUpdateClientPartner::GetHTTPPage
2022-11-27 01:51:56 -  - TIME GetUpdatesList(request) 0.108 sec
2022-11-27 01:51:56 -  - exec CUpdateClientPartner::ParseServerData
2022-11-27 01:51:56 -  - exec CUpdateClientPartner::GetUpdatesList
2022-11-27 01:51:56 -  - exec CUpdateClientPartner::__CollectRequestData
2022-11-27 01:51:56 -  - utf=Y&lang=ru&stable=Y&CANGZIP=Y&SUPD_DBS=MYSQL&XE=N&CLIENT_SITE=professional161.ru&LICENSE_KEY=X&SUPD_STS=1&SUPD_URS=0&SUPD_URSA=1&TYPENC=F&CLIENT_PHPVER=7.4.33&NGINX=Y&dbv=5.7.21&instm=main%2C22.400.100%2CN%3Bforum%2C22.200.0%2CN%3Blocation%2C22.300.0%2CN%3Biblock%2C22.200.100%2CN%3Bui%2C22.900.0%2CN%3Bclouds%2C22.200.0%2CN%3Bperfmon%2C21.0.0%2CN%3Bseo%2C22.200.0%2CN%3Bscale%2C21.0.0%2CN%3Bsecurity%2C21.200.100%2CN%3Bsearch%2C22.100.0%2CN%3Bmobileapp%2C22.100.0%2CN%3Bb24connector%2C21.100.0%2CN%3Btranslate%2C22.200.0%2CN%3Bsocialservices%2C22.200.0%2CN%3Bvote%2C22.300.0%2CN%3Bform%2C21.0.0%2CN%3Bfileman%2C22.200.200%2CN%3Bmessageservice%2C22.450.500%2CN%3Brest%2C22.300.0%2CN%3Blanding%2C22.400.0%2CN%3Bsubscribe%2C21.0.0%2CN%3Bphotogallery%2C22.0.0%2CN%3Bblog%2C22.0.0%2CN%3Bhighloadblock%2C22.200.0%2CN%3Bbitrixcloud%2C22.100.0%2CN&fullmoduleinfo=Y&SUPD_SRS=RU&SUPD_CMP=N
2022-11-27 01:51:56 -  - exec CUpdateClientPartner::GetHTTPPage
2022-11-27 01:51:56 -  - TIME GetUpdatesList(request) 0.111 sec
2022-11-27 01:51:56 -  - exec CUpdateClientPartner::ParseServerData
2022-12-09 16:54:08 -  - exec CUpdateClientPartner::GetUpdatesList
2022-12-09 16:54:08 -  - exec CUpdateClientPartner::__CollectRequestData
2022-12-09 16:54:08 -  - utf=Y&lang=ru&stable=Y&CANGZIP=Y&SUPD_DBS=MYSQL&XE=N&CLIENT_SITE=professional161.ru&LICENSE_KEY=X&SUPD_STS=1&SUPD_URS=0&SUPD_URSA=1&TYPENC=F&CLIENT_PHPVER=7.4.33&NGINX=Y&dbv=5.7.21&instm=main%2C22.400.100%2CN%3Bforum%2C22.200.0%2CN%3Blocation%2C22.300.0%2CN%3Biblock%2C22.200.100%2CN%3Bui%2C22.900.0%2CN%3Bclouds%2C22.200.0%2CN%3Bperfmon%2C21.0.0%2CN%3Bseo%2C22.200.0%2CN%3Bscale%2C21.0.0%2CN%3Bsecurity%2C21.200.100%2CN%3Bsearch%2C22.100.0%2CN%3Bmobileapp%2C22.100.0%2CN%3Bb24connector%2C21.100.0%2CN%3Btranslate%2C22.200.0%2CN%3Bsocialservices%2C22.200.0%2CN%3Bvote%2C22.300.0%2CN%3Bform%2C21.0.0%2CN%3Bfileman%2C22.200.200%2CN%3Bmessageservice%2C22.450.500%2CN%3Brest%2C22.300.0%2CN%3Blanding%2C22.400.0%2CN%3Bsubscribe%2C21.0.0%2CN%3Bphotogallery%2C22.0.0%2CN%3Bblog%2C22.0.0%2CN%3Bhighloadblock%2C22.200.0%2CN%3Bbitrixcloud%2C22.100.0%2CN&fullmoduleinfo=Y&SUPD_SRS=RU&SUPD_CMP=Y
2022-12-09 16:54:08 -  - exec CUpdateClientPartner::GetHTTPPage
2022-12-09 16:54:08 -  - TIME GetUpdatesList(request) 0.773 sec
2022-12-09 16:54:08 -  - exec CUpdateClientPartner::ParseServerData
2023-01-28 17:00:29 -  - exec CUpdateClientPartner::GetUpdatesList
2023-01-28 17:00:29 -  - exec CUpdateClientPartner::__CollectRequestData
2023-01-28 17:00:29 -  - utf=Y&lang=ru&stable=Y&CANGZIP=Y&SUPD_DBS=MYSQL&XE=N&CLIENT_SITE=professional161.ru&LICENSE_KEY=X&SUPD_STS=1&SUPD_URS=0&SUPD_URSA=1&TYPENC=F&CLIENT_PHPVER=7.4.33&NGINX=Y&dbv=5.7.21&instm=main%2C22.400.200%2CN%3Bforum%2C22.200.0%2CN%3Blocation%2C22.300.0%2CN%3Biblock%2C22.200.100%2CN%3Bui%2C22.1000.0%2CN%3Bclouds%2C22.200.0%2CN%3Bperfmon%2C21.0.0%2CN%3Bseo%2C22.200.0%2CN%3Bscale%2C21.0.0%2CN%3Bsecurity%2C21.200.100%2CN%3Bsearch%2C22.100.0%2CN%3Bmobileapp%2C22.100.0%2CN%3Bb24connector%2C21.100.0%2CN%3Btranslate%2C22.200.0%2CN%3Bsocialservices%2C22.200.0%2CN%3Bvote%2C22.300.0%2CN%3Bform%2C21.0.0%2CN%3Bfileman%2C22.200.200%2CN%3Bmessageservice%2C22.450.700%2CN%3Brest%2C22.300.0%2CN%3Blanding%2C22.500.0%2CN%3Bsubscribe%2C21.0.0%2CN%3Bphotogallery%2C22.0.0%2CN%3Bblog%2C22.0.0%2CN%3Bhighloadblock%2C22.200.0%2CN%3Bbitrixcloud%2C22.100.0%2CN&fullmoduleinfo=Y&SUPD_SRS=RU&SUPD_CMP=Y
2023-01-28 17:00:29 -  - exec CUpdateClientPartner::GetHTTPPage
2023-01-28 17:00:29 -  - TIME GetUpdatesList(request) 0.199 sec
2023-01-28 17:00:29 -  - exec CUpdateClientPartner::ParseServerData
